<?xml version="1.0" encoding="UTF-8"?>
<!-- Generated by org.testng.reporters.JUnitReportReporter -->
<testsuite skipped="0" hostname="Pranav-PC" name="rukepranav.APITest" tests="2" failures="0" timestamp="2020-02-10T09:46:51 IST" time="0.041" errors="0">
  <testcase name="addtwit" time="0.035" classname="rukepranav.APITest"/>
  <system-out/>
  <testcase name="twitterdel" time="0.006" classname="rukepranav.APITest"/>
  <system-out/>
</testsuite> <!-- rukepranav.APITest -->
