<?xml version="1.0" encoding="UTF-8"?>
<!-- Generated by org.testng.reporters.JUnitReportReporter -->
<testsuite skipped="0" hostname="Pranav-PC" name="rukepranav.SeleniumTest" tests="2" failures="0" timestamp="2020-02-09T01:16:49 IST" time="0.016" errors="0">
  <testcase name="locatorTech" time="0.000" classname="rukepranav.SeleniumTest"/>
  <system-out/>
  <testcase name="action" time="0.016" classname="rukepranav.SeleniumTest"/>
  <system-out/>
</testsuite> <!-- rukepranav.SeleniumTest -->
