<?xml version="1.0" encoding="UTF-8"?>
<!-- Generated by org.testng.reporters.JUnitReportReporter -->
<testsuite skipped="0" hostname="Pranav-PC" name="rukepranav.AppiumTest" tests="2" failures="0" timestamp="2020-02-09T01:16:49 IST" time="0.000" errors="0">
  <testcase name="Android" time="0.000" classname="rukepranav.AppiumTest"/>
  <system-out/>
  <testcase name="MAc" time="0.000" classname="rukepranav.AppiumTest"/>
  <system-out/>
</testsuite> <!-- rukepranav.AppiumTest -->
