<?xml version="1.0" encoding="UTF-8"?>
<!-- Generated by org.testng.reporters.JUnitReportReporter -->
<testsuite skipped="0" hostname="Pranav-PC" name="rukepranav.APITest" tests="2" failures="0" timestamp="2020-02-09T01:16:16 IST" time="0.050" errors="0">
  <testcase name="twitterdel" time="0.001" classname="rukepranav.APITest"/>
  <system-out/>
  <testcase name="addtwit" time="0.049" classname="rukepranav.APITest"/>
  <system-out/>
</testsuite> <!-- rukepranav.APITest -->
